#
# There is insufficient memory for the Java Runtime Environment to continue.
# Native memory allocation (malloc) failed to allocate 1289696 bytes for Chunk::new
# Possible reasons:
#   The system is out of physical RAM or swap space
#   In 32 bit mode, the process size limit was hit
# Possible solutions:
#   Reduce memory load on the system
#   Increase physical memory or swap space
#   Check if swap backing store is full
#   Use 64 bit Java on a 64 bit OS
#   Decrease Java heap size (-Xmx/-Xms)
#   Decrease number of Java threads
#   Decrease Java thread stack sizes (-Xss)
#   Set larger code cache with -XX:ReservedCodeCacheSize=
# This output file may be truncated or incomplete.
#
#  Out of Memory Error (allocation.cpp:390), pid=26648, tid=0x0000000000001700
#
# JRE version: OpenJDK Runtime Environment (8.0_152-b01) (build 1.8.0_152-release-1343-b01)
# Java VM: OpenJDK 64-Bit Server VM (25.152-b01 mixed mode windows-amd64 compressed oops)
# Failed to write core dump. Minidumps are not enabled by default on client versions of Windows
#

---------------  T H R E A D  ---------------

Current thread (0x000000001b232800):  JavaThread "C2 CompilerThread0" daemon [_thread_in_native, id=5888, stack(0x000000001b8a0000,0x000000001b9a0000)]

Stack: [0x000000001b8a0000,0x000000001b9a0000]
[error occurred during error reporting (printing stack bounds), id 0xc0000005]

Native frames: (J=compiled Java code, j=interpreted, Vv=VM code, C=native code)


Current CompileTask:
C2:6318100 14973   !   4       org.gradle.api.internal.AbstractClassGenerator::generateUnderLock (1144 bytes)


---------------  P R O C E S S  ---------------

Java Threads: ( => current thread )
  0x000000001daa7800 JavaThread "Cache worker for Build Output Cleanup Cache (D:\git\gits\facebook\.gradle\buildOutputCleanup)" [_thread_blocked, id=29244, stack(0x0000000030580000,0x0000000030680000)]
  0x000000001daa4800 JavaThread "Build operations Thread 8" [_thread_blocked, id=14892, stack(0x0000000030480000,0x0000000030580000)]
  0x000000001daa5800 JavaThread "Build operations Thread 7" [_thread_blocked, id=12084, stack(0x0000000030380000,0x0000000030480000)]
  0x000000001daa0000 JavaThread "Build operations Thread 6" [_thread_blocked, id=29796, stack(0x0000000030280000,0x0000000030380000)]
  0x000000001daa7000 JavaThread "Build operations Thread 5" [_thread_blocked, id=26464, stack(0x0000000030180000,0x0000000030280000)]
  0x000000001daa6000 JavaThread "Build operations Thread 4" [_thread_blocked, id=7408, stack(0x0000000030080000,0x0000000030180000)]
  0x0000000021632800 JavaThread "Build operations Thread 3" [_thread_blocked, id=29344, stack(0x000000002ff80000,0x0000000030080000)]
  0x0000000021632000 JavaThread "Build operations Thread 2" [_thread_blocked, id=26020, stack(0x000000002fe80000,0x000000002ff80000)]
  0x0000000021630800 JavaThread "Build operations" [_thread_blocked, id=28276, stack(0x000000002fd80000,0x000000002fe80000)]
  0x000000002162f800 JavaThread "Cache worker for cache directory md-rule (C:\Users\Administrator\.gradle\caches\5.1.1\md-rule)" [_thread_blocked, id=27916, stack(0x000000002fc80000,0x000000002fd80000)]
  0x0000000021628800 JavaThread "Cache worker for cache directory md-supplier (C:\Users\Administrator\.gradle\caches\5.1.1\md-supplier)" [_thread_blocked, id=15776, stack(0x000000002fb80000,0x000000002fc80000)]
  0x0000000021629800 JavaThread "Cache worker for file hash cache (D:\git\gits\facebook\.gradle\5.1.1\fileHashes)" [_thread_blocked, id=26584, stack(0x000000002fa80000,0x000000002fb80000)]
  0x0000000021628000 JavaThread "Thread-41" [_thread_blocked, id=19672, stack(0x000000002f980000,0x000000002fa80000)]
  0x000000002162b000 JavaThread "Stdin handler" [_thread_blocked, id=25648, stack(0x000000002f880000,0x000000002f980000)]
  0x000000002162c000 JavaThread "Asynchronous log dispatcher for DefaultDaemonConnection: socket connection from /127.0.0.1:60673 to /127.0.0.1:63405" [_thread_blocked, id=26540, stack(0x000000002f780000,0x000000002f880000)]
  0x000000002162f000 JavaThread "Daemon worker Thread 2" [_thread_in_native, id=9844, stack(0x000000002f680000,0x000000002f780000)]
  0x0000000021626800 JavaThread "Cancel handler" [_thread_blocked, id=24088, stack(0x000000002f580000,0x000000002f680000)]
  0x000000002162d800 JavaThread "Handler for socket connection from /127.0.0.1:60673 to /127.0.0.1:63405" [_thread_in_native, id=26704, stack(0x000000002f480000,0x000000002f580000)]
  0x000000002162c800 JavaThread "Daemon Thread 2" [_thread_blocked, id=18024, stack(0x000000002f380000,0x000000002f480000)]
  0x000000001daab800 JavaThread "Cache worker for file content cache (C:\Users\Administrator\.gradle\caches\5.1.1\fileContent)" [_thread_blocked, id=17088, stack(0x00000000283c0000,0x00000000284c0000)]
  0x000000001daae800 JavaThread "Memory manager" [_thread_blocked, id=12300, stack(0x00000000282c0000,0x00000000283c0000)]
  0x000000001daa3000 JavaThread "Cache worker for execution history cache (C:\Users\Administrator\.gradle\caches\5.1.1\executionHistory)" [_thread_blocked, id=5608, stack(0x0000000023660000,0x0000000023760000)]
  0x000000001cec8800 JavaThread "Cache worker for journal cache (C:\Users\Administrator\.gradle\caches\journal-1)" [_thread_blocked, id=22400, stack(0x000000001f6e0000,0x000000001f7e0000)]
  0x000000001cec6800 JavaThread "File lock request listener" [_thread_in_native, id=17252, stack(0x000000001f5e0000,0x000000001f6e0000)]
  0x000000001cf4e800 JavaThread "Cache worker for file hash cache (C:\Users\Administrator\.gradle\caches\5.1.1\fileHashes)" [_thread_blocked, id=23792, stack(0x000000001f4e0000,0x000000001f5e0000)]
  0x000000001d466800 JavaThread "Daemon periodic checks" [_thread_blocked, id=27608, stack(0x000000001e9e0000,0x000000001eae0000)]
  0x000000001ce81000 JavaThread "Incoming local TCP Connector on port 60673" [_thread_in_native, id=6172, stack(0x000000001e840000,0x000000001e940000)]
  0x000000001b2c4000 JavaThread "Service Thread" daemon [_thread_blocked, id=15224, stack(0x000000001bca0000,0x000000001bda0000)]
  0x00000000192be000 JavaThread "C1 CompilerThread3" daemon [_thread_blocked, id=24672, stack(0x000000001bba0000,0x000000001bca0000)]
  0x000000001b238000 JavaThread "C2 CompilerThread2" daemon [_thread_in_native, id=24796, stack(0x000000001baa0000,0x000000001bba0000)]
  0x000000001b236800 JavaThread "C2 CompilerThread1" daemon [_thread_blocked, id=24404, stack(0x000000001b9a0000,0x000000001baa0000)]
=>0x000000001b232800 JavaThread "C2 CompilerThread0" daemon [_thread_in_native, id=5888, stack(0x000000001b8a0000,0x000000001b9a0000)]
  0x000000001b1e0000 JavaThread "Attach Listener" daemon [_thread_blocked, id=23884, stack(0x000000001b7a0000,0x000000001b8a0000)]
  0x000000001b1de800 JavaThread "Signal Dispatcher" daemon [_thread_blocked, id=1224, stack(0x000000001b6a0000,0x000000001b7a0000)]
  0x000000001b1c1800 JavaThread "Finalizer" daemon [_thread_blocked, id=10864, stack(0x000000001b5a0000,0x000000001b6a0000)]
  0x00000000192ac000 JavaThread "Reference Handler" daemon [_thread_blocked, id=24876, stack(0x000000001b0a0000,0x000000001b1a0000)]
  0x00000000054ee800 JavaThread "main" [_thread_blocked, id=17208, stack(0x0000000004e50000,0x0000000004f50000)]

Other Threads:
  0x00000000192a5800 VMThread [stack: 0x000000001afa0000,0x000000001b0a0000] [id=23188]
  0x000000001b2c6800 WatcherThread [stack: 0x000000001bda0000,0x000000001bea0000] [id=27628]

VM state:not at safepoint (normal execution)

VM Mutex/Monitor currently owned by a thread: None

Heap:
 PSYoungGen      total 340480K, used 215577K [0x00000000e0000000, 0x00000000fa200000, 0x0000000100000000)
  eden space 298496K, 58% used [0x00000000e0000000,0x00000000ea98a1f0,0x00000000f2380000)
  from space 41984K, 99% used [0x00000000f2380000,0x00000000f4c7c438,0x00000000f4c80000)
  to   space 48640K, 0% used [0x00000000f7280000,0x00000000f7280000,0x00000000fa200000)
 ParOldGen       total 292352K, used 93060K [0x00000000a0000000, 0x00000000b1d80000, 0x00000000e0000000)
  object space 292352K, 31% used [0x00000000a0000000,0x00000000a5ae1180,0x00000000b1d80000)
 Metaspace       used 87094K, capacity 91676K, committed 91816K, reserved 1128448K
  class space    used 11257K, capacity 12103K, committed 12200K, reserved 1048576K

Card table byte_map: [0x00000000148b0000,0x0000000014bc0000] byte_map_base: 0x00000000143b0000

Marking Bits: (ParMarkBitMap*) 0x000000006cb05aa0
 Begin Bits: [0x00000000155c0000, 0x0000000016dc0000)
 End Bits:   [0x0000000016dc0000, 0x00000000185c0000)

Polling page: 0x00000000031a0000

CodeCache: size=245760Kb used=40067Kb max_used=40079Kb free=205692Kb
 bounds [0x00000000054f0000, 0x0000000007c50000, 0x00000000144f0000]
 total_blobs=13840 nmethods=13003 adapters=747
 compilation: enabled

Compilation events (10 events):
Event: 6316.948 Thread 0x000000001b236800 nmethod 15226 0x0000000007c38150 code [0x0000000007c38340, 0x0000000007c38498]
Event: 6316.948 Thread 0x000000001b236800 15229       4       org.objectweb.asm.MethodWriter::computeMethodInfoSize (704 bytes)
Event: 6316.948 Thread 0x00000000192be000 15230   !   3       sun.reflect.GeneratedConstructorAccessor2::newInstance (53 bytes)
Event: 6316.948 Thread 0x00000000192be000 nmethod 15230 0x0000000007c370d0 code [0x0000000007c372c0, 0x0000000007c37b08]
Event: 6316.949 Thread 0x00000000192be000 15232   !   3       sun.reflect.GeneratedMethodAccessor2::invoke (237 bytes)
Event: 6316.950 Thread 0x00000000192be000 nmethod 15232 0x0000000007c3f810 code [0x0000000007c3fb20, 0x0000000007c41cd8]
Event: 6316.951 Thread 0x000000001b236800 nmethod 15229 0x0000000007c3a4d0 code [0x0000000007c3a6a0, 0x0000000007c3ac40]
Event: 6316.951 Thread 0x000000001b236800 15231       4       org.objectweb.asm.Handler::putExceptionTable (63 bytes)
Event: 6316.952 Thread 0x000000001b236800 nmethod 15231 0x0000000007c427d0 code [0x0000000007c42920, 0x0000000007c42a68]
Event: 6316.969 Thread 0x000000001b236800 15233       4       java.util.ComparableTimSort::binarySort (223 bytes)

GC Heap History (10 events):
Event: 10.819 GC heap before
{Heap before GC invocations=16 (full 3):
 PSYoungGen      total 257024K, used 234164K [0x00000000e0000000, 0x00000000f1f80000, 0x0000000100000000)
  eden space 219648K, 100% used [0x00000000e0000000,0x00000000ed680000,0x00000000ed680000)
  from space 37376K, 38% used [0x00000000efb00000,0x00000000f092d020,0x00000000f1f80000)
  to   space 37376K, 0% used [0x00000000ed680000,0x00000000ed680000,0x00000000efb00000)
 ParOldGen       total 292352K, used 91987K [0x00000000a0000000, 0x00000000b1d80000, 0x00000000e0000000)
  object space 292352K, 31% used [0x00000000a0000000,0x00000000a59d4d20,0x00000000b1d80000)
 Metaspace       used 72986K, capacity 76236K, committed 76328K, reserved 1116160K
  class space    used 9602K, capacity 10254K, committed 10280K, reserved 1048576K
Event: 10.833 GC heap after
Heap after GC invocations=16 (full 3):
 PSYoungGen      total 257024K, used 19056K [0x00000000e0000000, 0x00000000f3f00000, 0x0000000100000000)
  eden space 219648K, 0% used [0x00000000e0000000,0x00000000e0000000,0x00000000ed680000)
  from space 37376K, 50% used [0x00000000ed680000,0x00000000ee91c030,0x00000000efb00000)
  to   space 35840K, 0% used [0x00000000f1c00000,0x00000000f1c00000,0x00000000f3f00000)
 ParOldGen       total 292352K, used 91995K [0x00000000a0000000, 0x00000000b1d80000, 0x00000000e0000000)
  object space 292352K, 31% used [0x00000000a0000000,0x00000000a59d6d20,0x00000000b1d80000)
 Metaspace       used 72986K, capacity 76236K, committed 76328K, reserved 1116160K
  class space    used 9602K, capacity 10254K, committed 10280K, reserved 1048576K
}
Event: 11.434 GC heap before
{Heap before GC invocations=17 (full 3):
 PSYoungGen      total 257024K, used 238704K [0x00000000e0000000, 0x00000000f3f00000, 0x0000000100000000)
  eden space 219648K, 100% used [0x00000000e0000000,0x00000000ed680000,0x00000000ed680000)
  from space 37376K, 50% used [0x00000000ed680000,0x00000000ee91c030,0x00000000efb00000)
  to   space 35840K, 0% used [0x00000000f1c00000,0x00000000f1c00000,0x00000000f3f00000)
 ParOldGen       total 292352K, used 91995K [0x00000000a0000000, 0x00000000b1d80000, 0x00000000e0000000)
  object space 292352K, 31% used [0x00000000a0000000,0x00000000a59d6d20,0x00000000b1d80000)
 Metaspace       used 73071K, capacity 76308K, committed 76584K, reserved 1116160K
  class space    used 9612K, capacity 10254K, committed 10280K, reserved 1048576K
Event: 11.453 GC heap after
Heap after GC invocations=17 (full 3):
 PSYoungGen      total 289792K, used 24212K [0x00000000e0000000, 0x00000000f4500000, 0x0000000100000000)
  eden space 253952K, 0% used [0x00000000e0000000,0x00000000e0000000,0x00000000ef800000)
  from space 35840K, 67% used [0x00000000f1c00000,0x00000000f33a5030,0x00000000f3f00000)
  to   space 36864K, 0% used [0x00000000ef800000,0x00000000ef800000,0x00000000f1c00000)
 ParOldGen       total 292352K, used 92003K [0x00000000a0000000, 0x00000000b1d80000, 0x00000000e0000000)
  object space 292352K, 31% used [0x00000000a0000000,0x00000000a59d8d20,0x00000000b1d80000)
 Metaspace       used 73071K, capacity 76308K, committed 76584K, reserved 1116160K
  class space    used 9612K, capacity 10254K, committed 10280K, reserved 1048576K
}
Event: 12.210 GC heap before
{Heap before GC invocations=18 (full 3):
 PSYoungGen      total 289792K, used 278164K [0x00000000e0000000, 0x00000000f4500000, 0x0000000100000000)
  eden space 253952K, 100% used [0x00000000e0000000,0x00000000ef800000,0x00000000ef800000)
  from space 35840K, 67% used [0x00000000f1c00000,0x00000000f33a5030,0x00000000f3f00000)
  to   space 36864K, 0% used [0x00000000ef800000,0x00000000ef800000,0x00000000f1c00000)
 ParOldGen       total 292352K, used 92003K [0x00000000a0000000, 0x00000000b1d80000, 0x00000000e0000000)
  object space 292352K, 31% used [0x00000000a0000000,0x00000000a59d8d20,0x00000000b1d80000)
 Metaspace       used 73105K, capacity 76316K, committed 76584K, reserved 1116160K
  class space    used 9613K, capacity 10254K, committed 10280K, reserved 1048576K
Event: 12.229 GC heap after
Heap after GC invocations=18 (full 3):
 PSYoungGen      total 290816K, used 30484K [0x00000000e0000000, 0x00000000f7300000, 0x0000000100000000)
  eden space 253952K, 0% used [0x00000000e0000000,0x00000000e0000000,0x00000000ef800000)
  from space 36864K, 82% used [0x00000000ef800000,0x00000000f15c5030,0x00000000f1c00000)
  to   space 39424K, 0% used [0x00000000f4c80000,0x00000000f4c80000,0x00000000f7300000)
 ParOldGen       total 292352K, used 92003K [0x00000000a0000000, 0x00000000b1d80000, 0x00000000e0000000)
  object space 292352K, 31% used [0x00000000a0000000,0x00000000a59d8d20,0x00000000b1d80000)
 Metaspace       used 73105K, capacity 76316K, committed 76584K, reserved 1116160K
  class space    used 9613K, capacity 10254K, committed 10280K, reserved 1048576K
}
Event: 13.206 GC heap before
{Heap before GC invocations=19 (full 3):
 PSYoungGen      total 290816K, used 284436K [0x00000000e0000000, 0x00000000f7300000, 0x0000000100000000)
  eden space 253952K, 100% used [0x00000000e0000000,0x00000000ef800000,0x00000000ef800000)
  from space 36864K, 82% used [0x00000000ef800000,0x00000000f15c5030,0x00000000f1c00000)
  to   space 39424K, 0% used [0x00000000f4c80000,0x00000000f4c80000,0x00000000f7300000)
 ParOldGen       total 292352K, used 92003K [0x00000000a0000000, 0x00000000b1d80000, 0x00000000e0000000)
  object space 292352K, 31% used [0x00000000a0000000,0x00000000a59d8d20,0x00000000b1d80000)
 Metaspace       used 74470K, capacity 77988K, committed 78120K, reserved 1116160K
  class space    used 9773K, capacity 10460K, committed 10536K, reserved 1048576K
Event: 13.229 GC heap after
Heap after GC invocations=19 (full 3):
 PSYoungGen      total 337920K, used 31536K [0x00000000e0000000, 0x00000000f7800000, 0x0000000100000000)
  eden space 298496K, 0% used [0x00000000e0000000,0x00000000e0000000,0x00000000f2380000)
  from space 39424K, 79% used [0x00000000f4c80000,0x00000000f6b4c3c8,0x00000000f7300000)
  to   space 41984K, 0% used [0x00000000f2380000,0x00000000f2380000,0x00000000f4c80000)
 ParOldGen       total 292352K, used 92011K [0x00000000a0000000, 0x00000000b1d80000, 0x00000000e0000000)
  object space 292352K, 31% used [0x00000000a0000000,0x00000000a59dad20,0x00000000b1d80000)
 Metaspace       used 74470K, capacity 77988K, committed 78120K, reserved 1116160K
  class space    used 9773K, capacity 10460K, committed 10536K, reserved 1048576K
}
Event: 16.205 GC heap before
{Heap before GC invocations=20 (full 3):
 PSYoungGen      total 337920K, used 330032K [0x00000000e0000000, 0x00000000f7800000, 0x0000000100000000)
  eden space 298496K, 100% used [0x00000000e0000000,0x00000000f2380000,0x00000000f2380000)
  from space 39424K, 79% used [0x00000000f4c80000,0x00000000f6b4c3c8,0x00000000f7300000)
  to   space 41984K, 0% used [0x00000000f2380000,0x00000000f2380000,0x00000000f4c80000)
 ParOldGen       total 292352K, used 92011K [0x00000000a0000000, 0x00000000b1d80000, 0x00000000e0000000)
  object space 292352K, 31% used [0x00000000a0000000,0x00000000a59dad20,0x00000000b1d80000)
 Metaspace       used 81484K, capacity 85626K, committed 85928K, reserved 1124352K
  class space    used 10601K, capacity 11377K, committed 11432K, reserved 1048576K
Event: 16.225 GC heap after
Heap after GC invocations=20 (full 3):
 PSYoungGen      total 340480K, used 41969K [0x00000000e0000000, 0x00000000fa200000, 0x0000000100000000)
  eden space 298496K, 0% used [0x00000000e0000000,0x00000000e0000000,0x00000000f2380000)
  from space 41984K, 99% used [0x00000000f2380000,0x00000000f4c7c438,0x00000000f4c80000)
  to   space 48640K, 0% used [0x00000000f7280000,0x00000000f7280000,0x00000000fa200000)
 ParOldGen       total 292352K, used 93060K [0x00000000a0000000, 0x00000000b1d80000, 0x00000000e0000000)
  object space 292352K, 31% used [0x00000000a0000000,0x00000000a5ae1180,0x00000000b1d80000)
 Metaspace       used 81484K, capacity 85626K, committed 85928K, reserved 1124352K
  class space    used 10601K, capacity 11377K, committed 11432K, reserved 1048576K
}

Deoptimization events (10 events):
Event: 6315.939 Thread 0x000000002162f000 Uncommon trap: reason=predicate action=maybe_recompile pc=0x000000000738a2d0 method=java.util.TimSort.reverseRange([Ljava/lang/Object;II)V @ 8
Event: 6315.939 Thread 0x000000002162f000 Uncommon trap: reason=array_check action=maybe_recompile pc=0x0000000006c26ed0 method=com.google.common.collect.ImmutableSet.construct(I[Ljava/lang/Object;)Lcom/google/common/collect/ImmutableSet; @ 122
Event: 6315.944 Thread 0x000000002162f000 Uncommon trap: reason=array_check action=maybe_recompile pc=0x0000000006c26ed0 method=com.google.common.collect.ImmutableSet.construct(I[Ljava/lang/Object;)Lcom/google/common/collect/ImmutableSet; @ 122
Event: 6315.951 Thread 0x000000002162f000 Uncommon trap: reason=array_check action=maybe_recompile pc=0x0000000006c26ed0 method=com.google.common.collect.ImmutableSet.construct(I[Ljava/lang/Object;)Lcom/google/common/collect/ImmutableSet; @ 122
Event: 6315.980 Thread 0x000000002162f000 Uncommon trap: reason=predicate action=maybe_recompile pc=0x00000000078553d0 method=sun.util.calendar.ZoneInfo.getTransitionIndex(JI)I @ 19
Event: 6315.989 Thread 0x000000002162f000 Uncommon trap: reason=unstable_if action=reinterpret pc=0x000000000583f918 method=com.google.common.collect.MapMakerInternalMap$Segment.getEntry(Ljava/lang/Object;I)Lcom/google/common/collect/MapMakerInternalMap$InternalEntry; @ 4
Event: 6316.038 Thread 0x000000002162f000 Uncommon trap: reason=unstable_if action=reinterpret pc=0x0000000005e5a040 method=org.gradle.internal.file.DefaultFileHierarchySet$Node.contains(Ljava/lang/String;I)Z @ 55
Event: 6316.039 Thread 0x000000002162f000 Uncommon trap: reason=unstable_if action=reinterpret pc=0x0000000006d9439c method=com.google.common.collect.MapMakerInternalMap$Segment.drainKeyReferenceQueue(Ljava/lang/ref/ReferenceQueue;)V @ 8
Event: 6316.039 Thread 0x000000002162f000 Uncommon trap: reason=unstable_if action=reinterpret pc=0x0000000006d89720 method=com.google.common.collect.MapMakerInternalMap$Segment.drainKeyReferenceQueue(Ljava/lang/ref/ReferenceQueue;)V @ 8
Event: 6316.525 Thread 0x000000002162f000 Uncommon trap: reason=unstable_if action=reinterpret pc=0x000000000767364c method=javax.management.ObjectName.construct(Ljava/lang/String;)V @ 881

Classes redefined (0 events):
No events

Internal exceptions (10 events):
Event: 6316.428 Thread 0x000000002162f000 Exception <a 'java/security/PrivilegedActionException'> (0x00000000e6db6198) thrown at [D:\src\AOSP-openjdk-cygwin\jdk8u\hotspot\src\share\vm\prims\jvm.cpp, line 1390]
Event: 6316.428 Thread 0x000000002162f000 Exception <a 'java/security/PrivilegedActionException'> (0x00000000e6db8fc8) thrown at [D:\src\AOSP-openjdk-cygwin\jdk8u\hotspot\src\share\vm\prims\jvm.cpp, line 1390]
Event: 6316.428 Thread 0x000000002162f000 Exception <a 'java/security/PrivilegedActionException'> (0x00000000e6db9b60) thrown at [D:\src\AOSP-openjdk-cygwin\jdk8u\hotspot\src\share\vm\prims\jvm.cpp, line 1390]
Event: 6316.429 Thread 0x000000002162f000 Exception <a 'java/security/PrivilegedActionException'> (0x00000000e6dbca08) thrown at [D:\src\AOSP-openjdk-cygwin\jdk8u\hotspot\src\share\vm\prims\jvm.cpp, line 1390]
Event: 6316.429 Thread 0x000000002162f000 Exception <a 'java/security/PrivilegedActionException'> (0x00000000e6dbd5a0) thrown at [D:\src\AOSP-openjdk-cygwin\jdk8u\hotspot\src\share\vm\prims\jvm.cpp, line 1390]
Event: 6316.429 Thread 0x000000002162f000 Exception <a 'java/security/PrivilegedActionException'> (0x00000000e6dc0550) thrown at [D:\src\AOSP-openjdk-cygwin\jdk8u\hotspot\src\share\vm\prims\jvm.cpp, line 1390]
Event: 6316.429 Thread 0x000000002162f000 Exception <a 'java/security/PrivilegedActionException'> (0x00000000e6dc10e8) thrown at [D:\src\AOSP-openjdk-cygwin\jdk8u\hotspot\src\share\vm\prims\jvm.cpp, line 1390]
Event: 6316.429 Thread 0x000000002162f000 Exception <a 'java/security/PrivilegedActionException'> (0x00000000e6dc3de8) thrown at [D:\src\AOSP-openjdk-cygwin\jdk8u\hotspot\src\share\vm\prims\jvm.cpp, line 1390]
Event: 6316.429 Thread 0x000000002162f000 Exception <a 'java/security/PrivilegedActionException'> (0x00000000e6dc4980) thrown at [D:\src\AOSP-openjdk-cygwin\jdk8u\hotspot\src\share\vm\prims\jvm.cpp, line 1390]
Event: 6316.775 Thread 0x000000002162f000 Exception <a 'sun/nio/fs/WindowsException'> (0x00000000e88aadf0) thrown at [D:\src\AOSP-openjdk-cygwin\jdk8u\hotspot\src\share\vm\prims\jni.cpp, line 709]

Events (10 events):
Event: 6316.968 loading class groovy/lang/GroovySystem
Event: 6316.968 loading class groovy/lang/GroovySystem done
Event: 6316.968 loading class groovy/lang/MetaClassRegistry
Event: 6316.968 loading class groovy/lang/MetaClassRegistry done
Event: 6316.968 loading class groovy/runtime/metaclass/com/android/build/gradle/internal/api/DefaultAndroidSourceSet_DecoratedMetaClass
Event: 6316.968 loading class groovy/runtime/metaclass/com/android/build/gradle/internal/api/DefaultAndroidSourceSet_DecoratedMetaClass done
Event: 6316.968 loading class org/gradle/api/plugins/Convention
Event: 6316.968 loading class org/gradle/api/plugins/Convention done
Event: 6316.969 loading class com/android/build/gradle/internal/api/DefaultAndroidSourceSet_DecoratedBeanInfo
Event: 6316.969 loading class com/android/build/gradle/internal/api/DefaultAndroidSourceSet_DecoratedBeanInfo done


Dynamic libraries:
0x00007ff6456d0000 - 0x00007ff645701000 	C:\Program Files\Android\Android Studio\jre\bin\java.exe
0x00007ffe27c20000 - 0x00007ffe27e00000 	C:\windows\SYSTEM32\ntdll.dll
0x00007ffe26220000 - 0x00007ffe262ce000 	C:\windows\System32\KERNEL32.DLL
0x00007ffe24e80000 - 0x00007ffe250e6000 	C:\windows\System32\KERNELBASE.dll
0x00007ffe25150000 - 0x00007ffe251f1000 	C:\windows\System32\ADVAPI32.dll
0x00007ffe25560000 - 0x00007ffe255fd000 	C:\windows\System32\msvcrt.dll
0x00007ffe27710000 - 0x00007ffe2776b000 	C:\windows\System32\sechost.dll
0x00007ffe27940000 - 0x00007ffe27a5f000 	C:\windows\System32\RPCRT4.dll
0x00007ffe27a60000 - 0x00007ffe27bef000 	C:\windows\System32\USER32.dll
0x00007ffe240c0000 - 0x00007ffe240e0000 	C:\windows\System32\win32u.dll
0x00007ffe27910000 - 0x00007ffe27938000 	C:\windows\System32\GDI32.dll
0x00007ffe24390000 - 0x00007ffe24523000 	C:\windows\System32\gdi32full.dll
0x00007ffe24020000 - 0x00007ffe240bb000 	C:\windows\System32\msvcp_win.dll
0x00007ffe24d30000 - 0x00007ffe24e24000 	C:\windows\System32\ucrtbase.dll
0x00007ffe17b60000 - 0x00007ffe17dc9000 	C:\windows\WinSxS\amd64_microsoft.windows.common-controls_6595b64144ccf1df_6.0.16299.1268_none_0f8e5d125a67714c\COMCTL32.dll
0x00007ffe25220000 - 0x00007ffe25526000 	C:\windows\System32\combase.dll
0x00007ffe240e0000 - 0x00007ffe24158000 	C:\windows\System32\bcryptPrimitives.dll
0x00007ffe25530000 - 0x00007ffe2555d000 	C:\windows\System32\IMM32.DLL
0x000000006be00000 - 0x000000006bed2000 	C:\Program Files\Android\Android Studio\jre\jre\bin\msvcr100.dll
0x000000006c340000 - 0x000000006cb81000 	C:\Program Files\Android\Android Studio\jre\jre\bin\server\jvm.dll
0x00007ffe25200000 - 0x00007ffe25208000 	C:\windows\System32\PSAPI.DLL
0x00007ffe21f40000 - 0x00007ffe21f49000 	C:\windows\SYSTEM32\WSOCK32.dll
0x00007ffe21dd0000 - 0x00007ffe21df3000 	C:\windows\SYSTEM32\WINMM.dll
0x00007ffe22c50000 - 0x00007ffe22c5a000 	C:\windows\SYSTEM32\VERSION.dll
0x00007ffe25bd0000 - 0x00007ffe25c3c000 	C:\windows\System32\WS2_32.dll
0x00007ffe21da0000 - 0x00007ffe21dca000 	C:\windows\SYSTEM32\winmmbase.dll
0x00007ffe24e30000 - 0x00007ffe24e7a000 	C:\windows\System32\cfgmgr32.dll
0x00007ffe22910000 - 0x00007ffe2291f000 	C:\Program Files\Android\Android Studio\jre\jre\bin\verify.dll
0x00007ffe197e0000 - 0x00007ffe19809000 	C:\Program Files\Android\Android Studio\jre\jre\bin\java.dll
0x00007ffe20b40000 - 0x00007ffe20b56000 	C:\Program Files\Android\Android Studio\jre\jre\bin\zip.dll
0x00007ffe262d0000 - 0x00007ffe27709000 	C:\windows\System32\SHELL32.dll
0x00007ffe25600000 - 0x00007ffe256a6000 	C:\windows\System32\shcore.dll
0x00007ffe245e0000 - 0x00007ffe24d27000 	C:\windows\System32\windows.storage.dll
0x00007ffe250f0000 - 0x00007ffe25141000 	C:\windows\System32\shlwapi.dll
0x00007ffe24000000 - 0x00007ffe24011000 	C:\windows\System32\kernel.appcore.dll
0x00007ffe23f90000 - 0x00007ffe23fdc000 	C:\windows\System32\powrprof.dll
0x00007ffe23fe0000 - 0x00007ffe23ffb000 	C:\windows\System32\profapi.dll
0x00007ffe196d0000 - 0x00007ffe196ea000 	C:\Program Files\Android\Android Studio\jre\jre\bin\net.dll
0x00007ffe237a0000 - 0x00007ffe23806000 	C:\windows\system32\mswsock.dll
0x00007ffe196b0000 - 0x00007ffe196c1000 	C:\Program Files\Android\Android Studio\jre\jre\bin\nio.dll
0x00007ffe18640000 - 0x00007ffe1865e000 	C:\Users\Administrator\.gradle\native\25\windows-amd64\native-platform.dll
0x00007ffe19240000 - 0x00007ffe1924d000 	C:\Program Files\Android\Android Studio\jre\jre\bin\management.dll
0x00007ffe23960000 - 0x00007ffe23977000 	C:\windows\SYSTEM32\CRYPTSP.dll
0x00007ffe233a0000 - 0x00007ffe233d3000 	C:\windows\system32\rsaenh.dll
0x00007ffe23ad0000 - 0x00007ffe23af5000 	C:\windows\SYSTEM32\bcrypt.dll
0x00007ffe23e70000 - 0x00007ffe23e99000 	C:\windows\SYSTEM32\USERENV.dll
0x00007ffe23980000 - 0x00007ffe2398b000 	C:\windows\SYSTEM32\CRYPTBASE.dll
0x00007ffe23530000 - 0x00007ffe23569000 	C:\windows\SYSTEM32\IPHLPAPI.DLL
0x00007ffe25800000 - 0x00007ffe25808000 	C:\windows\System32\NSI.dll
0x00007ffe1e940000 - 0x00007ffe1e956000 	C:\windows\SYSTEM32\dhcpcsvc6.DLL
0x00007ffe1f020000 - 0x00007ffe1f03a000 	C:\windows\SYSTEM32\dhcpcsvc.DLL

VM Arguments:
jvm_args: -Xmx1536m -Dfile.encoding=GBK -Duser.country=CN -Duser.language=zh -Duser.variant 
java_command: org.gradle.launcher.daemon.bootstrap.GradleDaemon 5.1.1
java_class_path (initial): C:\Users\Administrator\.gradle\wrapper\dists\gradle-5.1.1-all\97z1ksx6lirer3kbvdnh7jtjg\gradle-5.1.1\lib\gradle-launcher-5.1.1.jar
Launcher Type: SUN_STANDARD

Environment Variables:
JAVA_HOME=C:\Program Files\Java\jdk1.8.0_212
PATH=C:\Program Files (x86)\Common Files\Oracle\Java\javapath;C:\Program Files (x86)\Python37-32\Scripts\;C:\Program Files (x86)\Python37-32\;C:\windows\system32;C:\windows;C:\windows\System32\Wbem;C:\windows\System32\WindowsPowerShell\v1.0\;C:\Program Files (x86)\NVIDIA Corporation\PhysX\Common;C:\Program Files\NVIDIA Corporation\NVIDIA NvDLISR;C:\Program Files\Git\cmd;C:\Users\Administrator\AppData\Local\Android\Sdk\platform-tools;C:\Users\Administrator\AppData\Local\Android\Sdk\tools;%JAVA_HOME%\bin;%JAVA_HOME%\jre\bin;C:\Program Files (x86)\Graphviz2.38\bin;%NDK_ROOT%\;D:\android\android-ndk-r9d;%JAVA_HOME%\lib\tools.jar;C:\Program Files\Dart\dart-sdk\bin;D:\softer\openssl-0.9.8k_X64\bin;C:\Users\Administrator\AppData\Local\Microsoft\WindowsApps;;C:\Users\Administrator\AppData\Local\Programs\Microsoft VS Code\bin;C:\Program Files\JetBrains\CLion 2019.1.4\bin;;C:\Program Files\JetBrains\IntelliJ IDEA 2019.1.3\bin;
USERNAME=Administrator
OS=Windows_NT
PROCESSOR_IDENTIFIER=Intel64 Family 6 Model 158 Stepping 9, GenuineIntel



---------------  S Y S T E M  ---------------

OS: Windows 10.0 , 64 bit Build 16299 (10.0.16299.1146)

CPU:total 8 (initial active 8) (4 cores per cpu, 2 threads per core) family 6 model 158 stepping 9, cmov, cx8, fxsr, mmx, sse, sse2, sse3, ssse3, sse4.1, sse4.2, popcnt, avx, avx2, aes, clmul, erms, rtm, 3dnowpref, lzcnt, ht, tsc, tscinvbit, bmi1, bmi2, adx

Memory: 4k page, physical 16740292k(1139804k free), swap 32469184k(4292k free)

vm_info: OpenJDK 64-Bit Server VM (25.152-b01) for windows-amd64 JRE (1.8.0_152-release-1343-b01), built by "builder" with MS VC++ 10.0 (VS2010)

time: Thu Aug 08 11:27:39 2019
elapsed time: 6316 seconds (0d 1h 45m 16s)

